0 verbose cli /usr/local/nvm/versions/node/v22.15.1/bin/node /usr/local/nvm/versions/node/v22.15.1/bin/npm
0 verbose cli /usr/local/nvm/versions/node/v22.15.1/bin/node /usr/local/nvm/versions/node/v22.15.1/bin/npm
0 verbose cli /usr/local/nvm/versions/node/v22.15.1/bin/node /usr/local/nvm/versions/node/v22.15.1/bin/npm
1 info using npm@11.4.0
1 info using npm@11.4.0
1 info using npm@11.4.0
2 info using node@v22.15.1
2 info using node@v22.15.1
2 info using node@v22.15.1
3 silly config load:file:/usr/local/nvm/versions/node/v22.15.1/lib/node_modules/npm/npmrc
3 silly config load:file:/usr/local/nvm/versions/node/v22.15.1/lib/node_modules/npm/npmrc
3 silly config load:file:/usr/local/nvm/versions/node/v22.15.1/lib/node_modules/npm/npmrc
4 silly config load:file:/home/hunterwuwork/.npmrc
4 silly config load:file:/home/hunterwuwork/.npmrc
4 silly config load:file:/home/hunterwuwork/.npmrc
5 silly config load:file:/usr/local/nvm/versions/node/v22.15.1/etc/npmrc
5 silly config load:file:/usr/local/nvm/versions/node/v22.15.1/etc/npmrc
5 silly config load:file:/usr/local/nvm/versions/node/v22.15.1/etc/npmrc
6 verbose title npm config get prefix
6 verbose title npm config get prefix
6 verbose title npm config get prefix
7 verbose argv "config" "--loglevel" "warn" "get" "prefix"
7 verbose argv "config" "--loglevel" "warn" "get" "prefix"
7 verbose argv "config" "--loglevel" "warn" "get" "prefix"
8 verbose logfile logs-max:10 dir:/home/hunterwuwork/.npm/_logs/2025-05-25T16_16_33_868Z-
8 verbose logfile logs-max:10 dir:/home/hunterwuwork/.npm/_logs/2025-05-25T16_16_33_868Z-
8 verbose logfile logs-max:10 dir:/home/hunterwuwork/.npm/_logs/2025-05-25T16_16_33_868Z-
9 verbose logfile /home/hunterwuwork/.npm/_logs/2025-05-25T16_16_33_868Z-debug-0.log
9 verbose logfile /home/hunterwuwork/.npm/_logs/2025-05-25T16_16_33_868Z-debug-0.log
9 verbose logfile /home/hunterwuwork/.npm/_logs/2025-05-25T16_16_33_868Z-debug-0.log
10 silly logfile start cleaning logs, removing 20 files
10 silly logfile start cleaning logs, removing 20 files
10 silly logfile start cleaning logs, removing 20 files
11 verbose cwd /home/hunterwuwork
11 verbose cwd /home/hunterwuwork
12 verbose os Linux 6.6.87+
12 verbose os Linux 6.6.87+
13 verbose node v22.15.1
13 verbose node v22.15.1
14 verbose npm  v11.4.0
14 verbose npm  v11.4.0
11 verbose cwd /home/hunterwuwork
15 verbose exit 0
15 verbose exit 0
16 info ok
12 verbose os Linux 6.6.87+
16 info ok
13 verbose node v22.15.1
14 verbose npm  v11.4.0
15 verbose exit 0
16 info ok
